{"C:\\Users\\bolog\\Documents\\Facultate\\UBB-CS\\Semester 4\\MPP\\Assignments\\football-league-management\\app\\api\\teams\\data.ts": {"path":"C:\\Users\\bolog\\Documents\\Facultate\\UBB-CS\\Semester 4\\MPP\\Assignments\\football-league-management\\app\\api\\teams\\data.ts","statementMap":{"0":{"start":{"line":27,"column":20},"end":{"line":368,"column":2}},"1":{"start":{"line":371,"column":34},"end":{"line":387,"column":1}},"2":{"start":{"line":372,"column":2},"end":{"line":386,"column":8}},"3":{"start":{"line":373,"column":17},"end":{"line":376,"column":null}},"4":{"start":{"line":379,"column":6},"end":{"line":379,"column":60}},"5":{"start":{"line":379,"column":33},"end":{"line":379,"column":60}},"6":{"start":{"line":380,"column":6},"end":{"line":380,"column":80}},"7":{"start":{"line":380,"column":43},"end":{"line":380,"column":80}},"8":{"start":{"line":381,"column":6},"end":{"line":381,"column":47}},"9":{"start":{"line":383,"column":26},"end":{"line":385,"column":null}},"10":{"start":{"line":371,"column":13},"end":{"line":371,"column":34}},"11":{"start":{"line":389,"column":24},"end":{"line":389,"column":55}},"12":{"start":{"line":389,"column":30},"end":{"line":389,"column":55}},"13":{"start":{"line":389,"column":13},"end":{"line":389,"column":24}},"14":{"start":{"line":391,"column":23},"end":{"line":396,"column":1}},"15":{"start":{"line":392,"column":2},"end":{"line":394,"column":3}},"16":{"start":{"line":392,"column":23},"end":{"line":392,"column":43}},"17":{"start":{"line":393,"column":4},"end":{"line":393,"column":21}},"18":{"start":{"line":395,"column":2},"end":{"line":395,"column":35}},"19":{"start":{"line":391,"column":13},"end":{"line":391,"column":23}},"20":{"start":{"line":398,"column":27},"end":{"line":403,"column":1}},"21":{"start":{"line":399,"column":2},"end":{"line":399,"column":19}},"22":{"start":{"line":400,"column":2},"end":{"line":400,"column":26}},"23":{"start":{"line":402,"column":2},"end":{"line":402,"column":20}},"24":{"start":{"line":398,"column":13},"end":{"line":398,"column":27}},"25":{"start":{"line":405,"column":26},"end":{"line":424,"column":1}},"26":{"start":{"line":407,"column":20},"end":{"line":407,"column":67}},"27":{"start":{"line":407,"column":44},"end":{"line":407,"column":66}},"28":{"start":{"line":410,"column":2},"end":{"line":412,"column":3}},"29":{"start":{"line":411,"column":4},"end":{"line":411,"column":17}},"30":{"start":{"line":415,"column":2},"end":{"line":415,"column":29}},"31":{"start":{"line":418,"column":22},"end":{"line":418,"column":47}},"32":{"start":{"line":421,"column":2},"end":{"line":421,"column":27}},"33":{"start":{"line":423,"column":2},"end":{"line":423,"column":14}},"34":{"start":{"line":405,"column":13},"end":{"line":405,"column":26}}},"fnMap":{"0":{"name":"(anonymous_0)","decl":{"start":{"line":371,"column":34},"end":{"line":371,"column":35}},"loc":{"start":{"line":371,"column":69},"end":{"line":387,"column":1}}},"1":{"name":"(anonymous_1)","decl":{"start":{"line":373,"column":9},"end":{"line":373,"column":13}},"loc":{"start":{"line":373,"column":17},"end":{"line":376,"column":null}}},"2":{"name":"(anonymous_2)","decl":{"start":{"line":378,"column":10},"end":{"line":378,"column":11}},"loc":{"start":{"line":378,"column":19},"end":{"line":382,"column":5}}},"3":{"name":"(anonymous_3)","decl":{"start":{"line":383,"column":9},"end":{"line":383,"column":10}},"loc":{"start":{"line":383,"column":26},"end":{"line":385,"column":null}}},"4":{"name":"(anonymous_4)","decl":{"start":{"line":389,"column":24},"end":{"line":389,"column":27}},"loc":{"start":{"line":389,"column":30},"end":{"line":389,"column":55}}},"5":{"name":"(anonymous_5)","decl":{"start":{"line":391,"column":23},"end":{"line":391,"column":24}},"loc":{"start":{"line":391,"column":38},"end":{"line":396,"column":1}}},"6":{"name":"(anonymous_6)","decl":{"start":{"line":392,"column":18},"end":{"line":392,"column":19}},"loc":{"start":{"line":392,"column":23},"end":{"line":392,"column":43}}},"7":{"name":"(anonymous_7)","decl":{"start":{"line":398,"column":27},"end":{"line":398,"column":28}},"loc":{"start":{"line":398,"column":54},"end":{"line":403,"column":1}}},"8":{"name":"(anonymous_8)","decl":{"start":{"line":405,"column":26},"end":{"line":405,"column":27}},"loc":{"start":{"line":405,"column":47},"end":{"line":424,"column":1}}},"9":{"name":"(anonymous_9)","decl":{"start":{"line":407,"column":36},"end":{"line":407,"column":40}},"loc":{"start":{"line":407,"column":44},"end":{"line":407,"column":66}}}},"branchMap":{"0":{"loc":{"start":{"line":379,"column":6},"end":{"line":379,"column":60}},"type":"if","locations":[{"start":{"line":379,"column":6},"end":{"line":379,"column":60}}]},"1":{"loc":{"start":{"line":380,"column":6},"end":{"line":380,"column":80}},"type":"if","locations":[{"start":{"line":380,"column":6},"end":{"line":380,"column":80}}]},"2":{"loc":{"start":{"line":392,"column":2},"end":{"line":394,"column":3}},"type":"if","locations":[{"start":{"line":392,"column":2},"end":{"line":394,"column":3}}]},"3":{"loc":{"start":{"line":410,"column":2},"end":{"line":412,"column":3}},"type":"if","locations":[{"start":{"line":410,"column":2},"end":{"line":412,"column":3}}]}},"s":{"0":1,"1":1,"2":17,"3":12,"4":6,"5":4,"6":2,"7":2,"8":0,"9":12,"10":1,"11":1,"12":10,"13":1,"14":1,"15":4,"16":1,"17":3,"18":4,"19":1,"20":1,"21":7,"22":7,"23":7,"24":1,"25":1,"26":2,"27":1,"28":2,"29":1,"30":1,"31":1,"32":1,"33":1,"34":1},"f":{"0":17,"1":12,"2":6,"3":12,"4":10,"5":4,"6":1,"7":7,"8":2,"9":1},"b":{"0":[4],"1":[2],"2":[3],"3":[1]}}
,"C:\\Users\\bolog\\Documents\\Facultate\\UBB-CS\\Semester 4\\MPP\\Assignments\\football-league-management\\app\\api\\teams\\route.ts": {"path":"C:\\Users\\bolog\\Documents\\Facultate\\UBB-CS\\Semester 4\\MPP\\Assignments\\football-league-management\\app\\api\\teams\\route.ts","statementMap":{"0":{"start":{"line":4,"column":0},"end":{"line":4,"column":7}},"1":{"start":{"line":21,"column":0},"end":{"line":21,"column":7}},"2":{"start":{"line":1,"column":0},"end":{"line":1,"column":43}},"3":{"start":{"line":2,"column":0},"end":{"line":2,"column":55}},"4":{"start":{"line":5,"column":16},"end":{"line":5,"column":26}},"5":{"start":{"line":6,"column":20},"end":{"line":6,"column":49}},"6":{"start":{"line":6,"column":42},"end":{"line":6,"column":48}},"7":{"start":{"line":7,"column":18},"end":{"line":7,"column":40}},"8":{"start":{"line":8,"column":18},"end":{"line":8,"column":40}},"9":{"start":{"line":9,"column":18},"end":{"line":9,"column":81}},"10":{"start":{"line":9,"column":49},"end":{"line":9,"column":58}},"11":{"start":{"line":10,"column":24},"end":{"line":17,"column":5}},"12":{"start":{"line":10,"column":49},"end":{"line":16,"column":null}},"13":{"start":{"line":18,"column":2},"end":{"line":18,"column":42}},"14":{"start":{"line":22,"column":2},"end":{"line":47,"column":3}},"15":{"start":{"line":23,"column":125},"end":{"line":23,"column":141}},"16":{"start":{"line":25,"column":4},"end":{"line":27,"column":5}},"17":{"start":{"line":26,"column":6},"end":{"line":26,"column":95}},"18":{"start":{"line":29,"column":21},"end":{"line":41,"column":6}},"19":{"start":{"line":43,"column":4},"end":{"line":43,"column":56}},"20":{"start":{"line":46,"column":4},"end":{"line":46,"column":73}}},"fnMap":{"0":{"name":"GET","decl":{"start":{"line":4,"column":22},"end":{"line":4,"column":25}},"loc":{"start":{"line":4,"column":25},"end":{"line":19,"column":1}}},"1":{"name":"(anonymous_1)","decl":{"start":{"line":6,"column":35},"end":{"line":6,"column":36}},"loc":{"start":{"line":6,"column":42},"end":{"line":6,"column":48}}},"2":{"name":"(anonymous_2)","decl":{"start":{"line":9,"column":35},"end":{"line":9,"column":36}},"loc":{"start":{"line":9,"column":49},"end":{"line":9,"column":58}}},"3":{"name":"(anonymous_3)","decl":{"start":{"line":10,"column":39},"end":{"line":10,"column":40}},"loc":{"start":{"line":10,"column":49},"end":{"line":16,"column":null}}},"4":{"name":"POST","decl":{"start":{"line":21,"column":22},"end":{"line":21,"column":26}},"loc":{"start":{"line":21,"column":39},"end":{"line":48,"column":1}}}},"branchMap":{"0":{"loc":{"start":{"line":25,"column":4},"end":{"line":27,"column":5}},"type":"if","locations":[{"start":{"line":25,"column":4},"end":{"line":27,"column":5}}]},"1":{"loc":{"start":{"line":25,"column":8},"end":{"line":25,"column":27}},"type":"binary-expr","locations":[{"start":{"line":25,"column":8},"end":{"line":25,"column":13}},{"start":{"line":25,"column":17},"end":{"line":25,"column":27}}]}},"s":{"0":1,"1":1,"2":1,"3":1,"4":4,"5":4,"6":7,"7":4,"8":4,"9":4,"10":7,"11":4,"12":7,"13":4,"14":4,"15":4,"16":3,"17":2,"18":1,"19":1,"20":1},"f":{"0":4,"1":7,"2":7,"3":7,"4":4},"b":{"0":[2],"1":[3,2]}}
,"C:\\Users\\bolog\\Documents\\Facultate\\UBB-CS\\Semester 4\\MPP\\Assignments\\football-league-management\\app\\api\\teams\\[id]\\route.ts": {"path":"C:\\Users\\bolog\\Documents\\Facultate\\UBB-CS\\Semester 4\\MPP\\Assignments\\football-league-management\\app\\api\\teams\\[id]\\route.ts","statementMap":{"0":{"start":{"line":4,"column":0},"end":{"line":4,"column":7}},"1":{"start":{"line":13,"column":2},"end":{"line":13,"column":9}},"2":{"start":{"line":26,"column":0},"end":{"line":26,"column":7}},"3":{"start":{"line":1,"column":0},"end":{"line":1,"column":43}},"4":{"start":{"line":2,"column":0},"end":{"line":2,"column":86}},"5":{"start":{"line":5,"column":18},"end":{"line":5,"column":28}},"6":{"start":{"line":6,"column":17},"end":{"line":6,"column":56}},"7":{"start":{"line":6,"column":35},"end":{"line":6,"column":55}},"8":{"start":{"line":7,"column":4},"end":{"line":9,"column":5}},"9":{"start":{"line":8,"column":6},"end":{"line":8,"column":77}},"10":{"start":{"line":10,"column":4},"end":{"line":10,"column":35}},"11":{"start":{"line":14,"column":21},"end":{"line":14,"column":50}},"12":{"start":{"line":17,"column":20},"end":{"line":17,"column":40}},"13":{"start":{"line":19,"column":4},"end":{"line":21,"column":5}},"14":{"start":{"line":20,"column":6},"end":{"line":20,"column":77}},"15":{"start":{"line":23,"column":4},"end":{"line":23,"column":71}},"16":{"start":{"line":27,"column":2},"end":{"line":46,"column":3}},"17":{"start":{"line":28,"column":23},"end":{"line":28,"column":35}},"18":{"start":{"line":29,"column":19},"end":{"line":29,"column":38}},"19":{"start":{"line":30,"column":18},"end":{"line":30,"column":28}},"20":{"start":{"line":31,"column":21},"end":{"line":31,"column":50}},"21":{"start":{"line":32,"column":22},"end":{"line":32,"column":65}},"22":{"start":{"line":32,"column":45},"end":{"line":32,"column":64}},"23":{"start":{"line":34,"column":4},"end":{"line":36,"column":5}},"24":{"start":{"line":35,"column":6},"end":{"line":35,"column":77}},"25":{"start":{"line":38,"column":24},"end":{"line":38,"column":40}},"26":{"start":{"line":39,"column":4},"end":{"line":39,"column":63}},"27":{"start":{"line":41,"column":25},"end":{"line":41,"column":50}},"28":{"start":{"line":42,"column":4},"end":{"line":42,"column":30}},"29":{"start":{"line":43,"column":4},"end":{"line":43,"column":47}},"30":{"start":{"line":45,"column":4},"end":{"line":45,"column":73}}},"fnMap":{"0":{"name":"GET","decl":{"start":{"line":4,"column":22},"end":{"line":4,"column":25}},"loc":{"start":{"line":4,"column":78},"end":{"line":11,"column":3}}},"1":{"name":"(anonymous_1)","decl":{"start":{"line":6,"column":28},"end":{"line":6,"column":29}},"loc":{"start":{"line":6,"column":35},"end":{"line":6,"column":55}}},"2":{"name":"DELETE","decl":{"start":{"line":13,"column":24},"end":{"line":13,"column":30}},"loc":{"start":{"line":13,"column":83},"end":{"line":24,"column":3}}},"3":{"name":"PATCH","decl":{"start":{"line":26,"column":22},"end":{"line":26,"column":27}},"loc":{"start":{"line":26,"column":80},"end":{"line":47,"column":1}}},"4":{"name":"(anonymous_4)","decl":{"start":{"line":32,"column":38},"end":{"line":32,"column":39}},"loc":{"start":{"line":32,"column":45},"end":{"line":32,"column":64}}}},"branchMap":{"0":{"loc":{"start":{"line":7,"column":4},"end":{"line":9,"column":5}},"type":"if","locations":[{"start":{"line":7,"column":4},"end":{"line":9,"column":5}}]},"1":{"loc":{"start":{"line":19,"column":4},"end":{"line":21,"column":5}},"type":"if","locations":[{"start":{"line":19,"column":4},"end":{"line":21,"column":5}}]},"2":{"loc":{"start":{"line":34,"column":4},"end":{"line":36,"column":5}},"type":"if","locations":[{"start":{"line":34,"column":4},"end":{"line":36,"column":5}}]}},"s":{"0":1,"1":1,"2":1,"3":1,"4":1,"5":2,"6":2,"7":4,"8":2,"9":1,"10":1,"11":3,"12":3,"13":3,"14":1,"15":2,"16":5,"17":5,"18":5,"19":5,"20":5,"21":5,"22":10,"23":5,"24":1,"25":4,"26":3,"27":3,"28":3,"29":3,"30":1},"f":{"0":2,"1":4,"2":3,"3":5,"4":10},"b":{"0":[1],"1":[1],"2":[1]}}
,"C:\\Users\\bolog\\Documents\\Facultate\\UBB-CS\\Semester 4\\MPP\\Assignments\\football-league-management\\app\\api\\teams\\sort\\route.ts": {"path":"C:\\Users\\bolog\\Documents\\Facultate\\UBB-CS\\Semester 4\\MPP\\Assignments\\football-league-management\\app\\api\\teams\\sort\\route.ts","statementMap":{"0":{"start":{"line":4,"column":0},"end":{"line":4,"column":7}},"1":{"start":{"line":1,"column":0},"end":{"line":1,"column":43}},"2":{"start":{"line":2,"column":0},"end":{"line":2,"column":35}},"3":{"start":{"line":5,"column":27},"end":{"line":5,"column":43}},"4":{"start":{"line":7,"column":16},"end":{"line":7,"column":62}},"5":{"start":{"line":8,"column":17},"end":{"line":8,"column":55}},"6":{"start":{"line":9,"column":16},"end":{"line":9,"column":51}},"7":{"start":{"line":11,"column":14},"end":{"line":11,"column":24}},"8":{"start":{"line":13,"column":20},"end":{"line":13,"column":49}},"9":{"start":{"line":13,"column":42},"end":{"line":13,"column":48}},"10":{"start":{"line":14,"column":18},"end":{"line":14,"column":40}},"11":{"start":{"line":15,"column":18},"end":{"line":15,"column":40}},"12":{"start":{"line":16,"column":18},"end":{"line":16,"column":81}},"13":{"start":{"line":16,"column":49},"end":{"line":16,"column":58}},"14":{"start":{"line":19,"column":2},"end":{"line":23,"column":3}},"15":{"start":{"line":20,"column":4},"end":{"line":22,"column":6}},"16":{"start":{"line":21,"column":6},"end":{"line":21,"column":45}},"17":{"start":{"line":25,"column":22},"end":{"line":54,"column":4}},"18":{"start":{"line":28,"column":4},"end":{"line":49,"column":5}},"19":{"start":{"line":30,"column":8},"end":{"line":30,"column":24}},"20":{"start":{"line":31,"column":8},"end":{"line":31,"column":24}},"21":{"start":{"line":32,"column":8},"end":{"line":32,"column":14}},"22":{"start":{"line":34,"column":8},"end":{"line":34,"column":22}},"23":{"start":{"line":35,"column":8},"end":{"line":35,"column":22}},"24":{"start":{"line":36,"column":8},"end":{"line":36,"column":14}},"25":{"start":{"line":38,"column":8},"end":{"line":38,"column":29}},"26":{"start":{"line":39,"column":8},"end":{"line":39,"column":29}},"27":{"start":{"line":40,"column":8},"end":{"line":40,"column":14}},"28":{"start":{"line":42,"column":8},"end":{"line":42,"column":31}},"29":{"start":{"line":43,"column":8},"end":{"line":43,"column":31}},"30":{"start":{"line":44,"column":8},"end":{"line":44,"column":14}},"31":{"start":{"line":47,"column":8},"end":{"line":47,"column":36}},"32":{"start":{"line":48,"column":8},"end":{"line":48,"column":36}},"33":{"start":{"line":51,"column":4},"end":{"line":51,"column":53}},"34":{"start":{"line":51,"column":21},"end":{"line":51,"column":53}},"35":{"start":{"line":52,"column":4},"end":{"line":52,"column":53}},"36":{"start":{"line":52,"column":21},"end":{"line":52,"column":53}},"37":{"start":{"line":53,"column":4},"end":{"line":53,"column":13}},"38":{"start":{"line":56,"column":24},"end":{"line":63,"column":5}},"39":{"start":{"line":56,"column":50},"end":{"line":62,"column":null}},"40":{"start":{"line":65,"column":2},"end":{"line":65,"column":42}}},"fnMap":{"0":{"name":"GET","decl":{"start":{"line":4,"column":22},"end":{"line":4,"column":25}},"loc":{"start":{"line":4,"column":38},"end":{"line":66,"column":1}}},"1":{"name":"(anonymous_1)","decl":{"start":{"line":13,"column":35},"end":{"line":13,"column":36}},"loc":{"start":{"line":13,"column":42},"end":{"line":13,"column":48}}},"2":{"name":"(anonymous_2)","decl":{"start":{"line":16,"column":35},"end":{"line":16,"column":36}},"loc":{"start":{"line":16,"column":49},"end":{"line":16,"column":58}}},"3":{"name":"(anonymous_3)","decl":{"start":{"line":20,"column":25},"end":{"line":20,"column":26}},"loc":{"start":{"line":21,"column":6},"end":{"line":21,"column":45}}},"4":{"name":"(anonymous_4)","decl":{"start":{"line":25,"column":38},"end":{"line":25,"column":39}},"loc":{"start":{"line":25,"column":47},"end":{"line":54,"column":3}}},"5":{"name":"(anonymous_5)","decl":{"start":{"line":56,"column":40},"end":{"line":56,"column":41}},"loc":{"start":{"line":56,"column":50},"end":{"line":62,"column":null}}}},"branchMap":{"0":{"loc":{"start":{"line":7,"column":16},"end":{"line":7,"column":62}},"type":"binary-expr","locations":[{"start":{"line":7,"column":16},"end":{"line":7,"column":56}},{"start":{"line":7,"column":60},"end":{"line":7,"column":62}}]},"1":{"loc":{"start":{"line":7,"column":16},"end":{"line":7,"column":56}},"type":"cond-expr","locations":[{"start":{"line":7,"column":41},"end":{"line":7,"column":43}},{"start":{"line":7,"column":41},"end":{"line":7,"column":56}}]},"2":{"loc":{"start":{"line":7,"column":16},"end":{"line":7,"column":43}},"type":"binary-expr","locations":[{"start":{"line":7,"column":16},"end":{"line":7,"column":43}},{"start":{"line":7,"column":41},"end":{"line":7,"column":43}}]},"3":{"loc":{"start":{"line":8,"column":17},"end":{"line":8,"column":55}},"type":"binary-expr","locations":[{"start":{"line":8,"column":17},"end":{"line":8,"column":43}},{"start":{"line":8,"column":47},"end":{"line":8,"column":55}}]},"4":{"loc":{"start":{"line":9,"column":16},"end":{"line":9,"column":51}},"type":"binary-expr","locations":[{"start":{"line":9,"column":16},"end":{"line":9,"column":41}},{"start":{"line":9,"column":45},"end":{"line":9,"column":51}}]},"5":{"loc":{"start":{"line":19,"column":2},"end":{"line":23,"column":3}},"type":"if","locations":[{"start":{"line":19,"column":2},"end":{"line":23,"column":3}}]},"6":{"loc":{"start":{"line":28,"column":4},"end":{"line":49,"column":5}},"type":"switch","locations":[{"start":{"line":29,"column":6},"end":{"line":32,"column":14}},{"start":{"line":33,"column":6},"end":{"line":36,"column":14}},{"start":{"line":37,"column":6},"end":{"line":40,"column":14}},{"start":{"line":41,"column":6},"end":{"line":44,"column":14}},{"start":{"line":45,"column":6},"end":{"line":45,"column":18}},{"start":{"line":46,"column":6},"end":{"line":48,"column":36}}]},"7":{"loc":{"start":{"line":51,"column":4},"end":{"line":51,"column":53}},"type":"if","locations":[{"start":{"line":51,"column":4},"end":{"line":51,"column":53}}]},"8":{"loc":{"start":{"line":51,"column":28},"end":{"line":51,"column":52}},"type":"cond-expr","locations":[{"start":{"line":51,"column":46},"end":{"line":51,"column":48}},{"start":{"line":51,"column":51},"end":{"line":51,"column":52}}]},"9":{"loc":{"start":{"line":52,"column":4},"end":{"line":52,"column":53}},"type":"if","locations":[{"start":{"line":52,"column":4},"end":{"line":52,"column":53}}]},"10":{"loc":{"start":{"line":52,"column":28},"end":{"line":52,"column":52}},"type":"cond-expr","locations":[{"start":{"line":52,"column":46},"end":{"line":52,"column":47}},{"start":{"line":52,"column":50},"end":{"line":52,"column":52}}]}},"s":{"0":1,"1":1,"2":1,"3":16,"4":16,"5":16,"6":16,"7":16,"8":16,"9":68,"10":16,"11":16,"12":16,"13":68,"14":16,"15":4,"16":20,"17":16,"18":63,"19":17,"20":17,"21":17,"22":18,"23":18,"24":18,"25":9,"26":9,"27":9,"28":7,"29":7,"30":7,"31":12,"32":12,"33":63,"34":22,"35":41,"36":40,"37":1,"38":16,"39":53,"40":16},"f":{"0":16,"1":68,"2":68,"3":20,"4":63,"5":53},"b":{"0":[16,12],"1":[12,4],"2":[16,4],"3":[16,7],"4":[16,10],"5":[4],"6":[17,18,9,7,8,12],"7":[22],"8":[8,14],"9":[40],"10":[13,27]}}
}
