TN:
SF:app\api\teams\data.ts
FN:371,(anonymous_0)
FN:373,(anonymous_1)
FN:378,(anonymous_2)
FN:383,(anonymous_3)
FN:389,(anonymous_4)
FN:391,(anonymous_5)
FN:392,(anonymous_6)
FN:398,(anonymous_7)
FN:405,(anonymous_8)
FN:407,(anonymous_9)
FNF:10
FNH:10
FNDA:17,(anonymous_0)
FNDA:12,(anonymous_1)
FNDA:6,(anonymous_2)
FNDA:12,(anonymous_3)
FNDA:10,(anonymous_4)
FNDA:4,(anonymous_5)
FNDA:1,(anonymous_6)
FNDA:7,(anonymous_7)
FNDA:2,(anonymous_8)
FNDA:1,(anonymous_9)
DA:27,1
DA:371,1
DA:372,17
DA:373,12
DA:379,6
DA:380,2
DA:381,0
DA:383,12
DA:389,10
DA:391,1
DA:392,4
DA:393,3
DA:395,4
DA:398,1
DA:399,7
DA:400,7
DA:402,7
DA:405,1
DA:407,2
DA:410,2
DA:411,1
DA:415,1
DA:418,1
DA:421,1
DA:423,1
LF:25
LH:24
BRDA:379,0,0,4
BRDA:380,1,0,2
BRDA:392,2,0,3
BRDA:410,3,0,1
BRF:4
BRH:4
end_of_record
TN:
SF:app\api\teams\route.ts
FN:4,GET
FN:6,(anonymous_1)
FN:9,(anonymous_2)
FN:10,(anonymous_3)
FN:21,POST
FNF:5
FNH:5
FNDA:4,GET
FNDA:7,(anonymous_1)
FNDA:7,(anonymous_2)
FNDA:7,(anonymous_3)
FNDA:4,POST
DA:1,1
DA:2,1
DA:4,1
DA:5,4
DA:6,7
DA:7,4
DA:8,4
DA:9,7
DA:10,7
DA:18,4
DA:21,1
DA:22,4
DA:23,4
DA:25,3
DA:26,2
DA:29,1
DA:43,1
DA:46,1
LF:18
LH:18
BRDA:25,0,0,2
BRDA:25,1,0,3
BRDA:25,1,1,2
BRF:3
BRH:3
end_of_record
TN:
SF:app\api\teams\[id]\route.ts
FN:4,GET
FN:6,(anonymous_1)
FN:13,DELETE
FN:26,PATCH
FN:32,(anonymous_4)
FNF:5
FNH:5
FNDA:2,GET
FNDA:4,(anonymous_1)
FNDA:3,DELETE
FNDA:5,PATCH
FNDA:10,(anonymous_4)
DA:1,1
DA:2,1
DA:4,1
DA:5,2
DA:6,4
DA:7,2
DA:8,1
DA:10,1
DA:13,1
DA:14,3
DA:17,3
DA:19,3
DA:20,1
DA:23,2
DA:26,1
DA:27,5
DA:28,5
DA:29,5
DA:30,5
DA:31,5
DA:32,10
DA:34,5
DA:35,1
DA:38,4
DA:39,3
DA:41,3
DA:42,3
DA:43,3
DA:45,1
LF:29
LH:29
BRDA:7,0,0,1
BRDA:19,1,0,1
BRDA:34,2,0,1
BRF:3
BRH:3
end_of_record
TN:
SF:app\api\teams\sort\route.ts
FN:4,GET
FN:13,(anonymous_1)
FN:16,(anonymous_2)
FN:20,(anonymous_3)
FN:25,(anonymous_4)
FN:56,(anonymous_5)
FNF:6
FNH:6
FNDA:16,GET
FNDA:68,(anonymous_1)
FNDA:68,(anonymous_2)
FNDA:20,(anonymous_3)
FNDA:63,(anonymous_4)
FNDA:53,(anonymous_5)
DA:1,1
DA:2,1
DA:4,1
DA:5,16
DA:7,16
DA:8,16
DA:9,16
DA:11,16
DA:13,68
DA:14,16
DA:15,16
DA:16,68
DA:19,16
DA:20,4
DA:21,20
DA:25,16
DA:28,63
DA:30,17
DA:31,17
DA:32,17
DA:34,18
DA:35,18
DA:36,18
DA:38,9
DA:39,9
DA:40,9
DA:42,7
DA:43,7
DA:44,7
DA:47,12
DA:48,12
DA:51,63
DA:52,41
DA:53,1
DA:56,53
DA:65,16
LF:36
LH:36
BRDA:7,0,0,16
BRDA:7,0,1,12
BRDA:7,1,0,12
BRDA:7,1,1,4
BRDA:7,2,0,16
BRDA:7,2,1,4
BRDA:8,3,0,16
BRDA:8,3,1,7
BRDA:9,4,0,16
BRDA:9,4,1,10
BRDA:19,5,0,4
BRDA:28,6,0,17
BRDA:28,6,1,18
BRDA:28,6,2,9
BRDA:28,6,3,7
BRDA:28,6,4,8
BRDA:28,6,5,12
BRDA:51,7,0,22
BRDA:51,8,0,8
BRDA:51,8,1,14
BRDA:52,9,0,40
BRDA:52,10,0,13
BRDA:52,10,1,27
BRF:23
BRH:23
end_of_record
